
   Program  MARK  - Survival Rate Estimation with Capture-Recapture Data
   gfortran(dble) Vers. 9.0 Mar 2018    17-Sep-2019 14:40:34    Page  001
 - - - - - - - - - - - - - - - - - - - - - - - - - - - - - - - - - - - - - -
 
   This version was compiled by GCC version 7.2.0 using the options: 
     -cpp -iprefix C:/Program Files/mingw-w64/x86_64-7.2.0-posix-seh-rt_v5-rev1/
     mingw64/bin/../lib/gcc/x86_64-w64-mingw32/7.2.0/ -D_MT -D_REENTRANT
     -U_REENTRANT -D IEEE -D DBLEPRECISION -m64 -mtune=core2 -march=nocona -mthreads
     -O2 -fimplicit-none -fbounds-check -funroll-loops -ftree-vectorize
     -ffpe-summary=invalid,zero,overflow,underflow -fno-unsafe-math-optimizations
     -frounding-math -fsignaling-nans -fopenmp.

   This problem will use 11 of 12 possible threads.


  INPUT --- proc title ;

   CPU Time for the last procedure was 0.01 seconds.     


  INPUT --- proc chmatrix occasions= 37 groups= 1 etype= Live Nodes= 
  INPUT --- 101 ICMeans NoHist hist= 365  ;

  INPUT ---    time interval 0.4 0.6 0.4 0.6 0.4 0.6 0.4 0.6 0.4 0.6 0.4 
  INPUT ---    0.6 0.4 0.6 0.4 0.6 0.4 0.6 0.4 0.6  0.4 0.6 0.4 0.6 0.4 
  INPUT ---    0.6 0.4 0.6 0.4 0.6 0.4 0.6 0.4 0.6 0.4 0.6 ;

  INPUT ---    glabel(1)=Group 1;

      Number of unique encounter histories read was 365.

      Number of individual covariates read was 0.
      Time interval lengths vary and/or not equal to 1.

      Data type number is 1
      Data type is Live Recaptures (CJS)                                                                               

   CPU Time for the last procedure was 0.02 seconds.     

  Program  MARK  - Survival Rate Estimation with Capture-Recapture Data
   gfortran(dble) Vers. 9.0 Mar 2018    17-Sep-2019 14:40:34    Page  002
 - - - - - - - - - - - - - - - - - - - - - - - - - - - - - - - - - - - - - -
 


  INPUT --- proc estimate link=Logit NOLOOP varest=2ndPart    ;


  INPUT --- model={ Phi(~tsm)p(~time) };

  INPUT ---    group=1 Phi    rows=36 cols=36 Triang ;
  INPUT ---        1 2 2 2 2 2 2 2 2 2 2 2 2 2 2 2 2 2 2 2 2 2 2 2 2 2 2 2 2 
  INPUT ---       2 2 2 2 2 2 2 ;
  INPUT ---        1 2 2 2 2 2 2 2 2 2 2 2 2 2 2 2 2 2 2 2 2 2 2 2 2 2 2 2 2 
  INPUT ---       2 2 2 2 2 2 ;
  INPUT ---        1 2 2 2 2 2 2 2 2 2 2 2 2 2 2 2 2 2 2 2 2 2 2 2 2 2 2 2 2 
  INPUT ---       2 2 2 2 2 ;
  INPUT ---        1 2 2 2 2 2 2 2 2 2 2 2 2 2 2 2 2 2 2 2 2 2 2 2 2 2 2 2 2 
  INPUT ---       2 2 2 2 ;
  INPUT ---        1 2 2 2 2 2 2 2 2 2 2 2 2 2 2 2 2 2 2 2 2 2 2 2 2 2 2 2 2 
  INPUT ---       2 2 2 ;
  INPUT ---        1 2 2 2 2 2 2 2 2 2 2 2 2 2 2 2 2 2 2 2 2 2 2 2 2 2 2 2 2 
  INPUT ---       2 2 ;
  INPUT ---        1 2 2 2 2 2 2 2 2 2 2 2 2 2 2 2 2 2 2 2 2 2 2 2 2 2 2 2 2 
  INPUT ---       2 ;
  INPUT ---        1 2 2 2 2 2 2 2 2 2 2 2 2 2 2 2 2 2 2 2 2 2 2 2 2 2 2 2 2 ;
  INPUT ---        1 2 2 2 2 2 2 2 2 2 2 2 2 2 2 2 2 2 2 2 2 2 2 2 2 2 2 2 ;
  INPUT ---        1 2 2 2 2 2 2 2 2 2 2 2 2 2 2 2 2 2 2 2 2 2 2 2 2 2 2 ;
  INPUT ---        1 2 2 2 2 2 2 2 2 2 2 2 2 2 2 2 2 2 2 2 2 2 2 2 2 2 ;
  INPUT ---        1 2 2 2 2 2 2 2 2 2 2 2 2 2 2 2 2 2 2 2 2 2 2 2 2 ;
  INPUT ---        1 2 2 2 2 2 2 2 2 2 2 2 2 2 2 2 2 2 2 2 2 2 2 2 ;
  INPUT ---        1 2 2 2 2 2 2 2 2 2 2 2 2 2 2 2 2 2 2 2 2 2 2 ;
  INPUT ---        1 2 2 2 2 2 2 2 2 2 2 2 2 2 2 2 2 2 2 2 2 2 ;
  INPUT ---        1 2 2 2 2 2 2 2 2 2 2 2 2 2 2 2 2 2 2 2 2 ;
  INPUT ---        1 2 2 2 2 2 2 2 2 2 2 2 2 2 2 2 2 2 2 2 ;
  INPUT ---        1 2 2 2 2 2 2 2 2 2 2 2 2 2 2 2 2 2 2 ;
  INPUT ---        1 2 2 2 2 2 2 2 2 2 2 2 2 2 2 2 2 2 ;
  INPUT ---        1 2 2 2 2 2 2 2 2 2 2 2 2 2 2 2 2 ;
  INPUT ---        1 2 2 2 2 2 2 2 2 2 2 2 2 2 2 2 ;
  INPUT ---        1 2 2 2 2 2 2 2 2 2 2 2 2 2 2 ;
  INPUT ---        1 2 2 2 2 2 2 2 2 2 2 2 2 2 ;
  INPUT ---        1 2 2 2 2 2 2 2 2 2 2 2 2 ;
  INPUT ---        1 2 2 2 2 2 2 2 2 2 2 2 ;
  INPUT ---        1 2 2 2 2 2 2 2 2 2 2 ;
  INPUT ---        1 2 2 2 2 2 2 2 2 2 ;
  INPUT ---        1 2 2 2 2 2 2 2 2 ;
  INPUT ---        1 2 2 2 2 2 2 2 ;
  INPUT ---        1 2 2 2 2 2 2 ;
  INPUT ---        1 2 2 2 2 2 ;

  Program  MARK  - Survival Rate Estimation with Capture-Recapture Data
   gfortran(dble) Vers. 9.0 Mar 2018    17-Sep-2019 14:40:34    Page  003
 - - - - - - - - - - - - - - - - - - - - - - - - - - - - - - - - - - - - - -
 
  INPUT ---        1 2 2 2 2 ;
  INPUT ---        1 2 2 2 ;
  INPUT ---        1 2 2 ;
  INPUT ---        1 2 ;
  INPUT ---        1 ;

  INPUT ---    group=1 p    rows=36 cols=36 Triang ;
  INPUT ---        3 4 5 6 7 8 9 10 11 12 13 14 15 16 17 18 19 20 21 22 23 24 
  INPUT ---       25 26 27 28 29 30 31 32 33 34 35 36 37 38 ;
  INPUT ---        4 5 6 7 8 9 10 11 12 13 14 15 16 17 18 19 20 21 22 23 24 
  INPUT ---       25 26 27 28 29 30 31 32 33 34 35 36 37 38 ;
  INPUT ---        5 6 7 8 9 10 11 12 13 14 15 16 17 18 19 20 21 22 23 24 25 
  INPUT ---       26 27 28 29 30 31 32 33 34 35 36 37 38 ;
  INPUT ---        6 7 8 9 10 11 12 13 14 15 16 17 18 19 20 21 22 23 24 25 26 
  INPUT ---       27 28 29 30 31 32 33 34 35 36 37 38 ;
  INPUT ---        7 8 9 10 11 12 13 14 15 16 17 18 19 20 21 22 23 24 25 26 
  INPUT ---       27 28 29 30 31 32 33 34 35 36 37 38 ;
  INPUT ---        8 9 10 11 12 13 14 15 16 17 18 19 20 21 22 23 24 25 26 27 
  INPUT ---       28 29 30 31 32 33 34 35 36 37 38 ;
  INPUT ---        9 10 11 12 13 14 15 16 17 18 19 20 21 22 23 24 25 26 27 28 
  INPUT ---       29 30 31 32 33 34 35 36 37 38 ;
  INPUT ---        10 11 12 13 14 15 16 17 18 19 20 21 22 23 24 25 26 27 28 
  INPUT ---       29 30 31 32 33 34 35 36 37 38 ;
  INPUT ---        11 12 13 14 15 16 17 18 19 20 21 22 23 24 25 26 27 28 29 
  INPUT ---       30 31 32 33 34 35 36 37 38 ;
  INPUT ---        12 13 14 15 16 17 18 19 20 21 22 23 24 25 26 27 28 29 30 
  INPUT ---       31 32 33 34 35 36 37 38 ;
  INPUT ---        13 14 15 16 17 18 19 20 21 22 23 24 25 26 27 28 29 30 31 
  INPUT ---       32 33 34 35 36 37 38 ;
  INPUT ---        14 15 16 17 18 19 20 21 22 23 24 25 26 27 28 29 30 31 32 
  INPUT ---       33 34 35 36 37 38 ;
  INPUT ---        15 16 17 18 19 20 21 22 23 24 25 26 27 28 29 30 31 32 33 
  INPUT ---       34 35 36 37 38 ;
  INPUT ---        16 17 18 19 20 21 22 23 24 25 26 27 28 29 30 31 32 33 34 
  INPUT ---       35 36 37 38 ;
  INPUT ---        17 18 19 20 21 22 23 24 25 26 27 28 29 30 31 32 33 34 35 
  INPUT ---       36 37 38 ;
  INPUT ---        18 19 20 21 22 23 24 25 26 27 28 29 30 31 32 33 34 35 36 
  INPUT ---       37 38 ;
  INPUT ---        19 20 21 22 23 24 25 26 27 28 29 30 31 32 33 34 35 36 37 
  INPUT ---       38 ;
  INPUT ---        20 21 22 23 24 25 26 27 28 29 30 31 32 33 34 35 36 37 38 ;
  INPUT ---        21 22 23 24 25 26 27 28 29 30 31 32 33 34 35 36 37 38 ;
  INPUT ---        22 23 24 25 26 27 28 29 30 31 32 33 34 35 36 37 38 ;
  INPUT ---        23 24 25 26 27 28 29 30 31 32 33 34 35 36 37 38 ;
  INPUT ---        24 25 26 27 28 29 30 31 32 33 34 35 36 37 38 ;

  Program  MARK  - Survival Rate Estimation with Capture-Recapture Data
   gfortran(dble) Vers. 9.0 Mar 2018    17-Sep-2019 14:40:34    Page  004
 - - - - - - - - - - - - - - - - - - - - - - - - - - - - - - - - - - - - - -
 
  INPUT ---        25 26 27 28 29 30 31 32 33 34 35 36 37 38 ;
  INPUT ---        26 27 28 29 30 31 32 33 34 35 36 37 38 ;
  INPUT ---        27 28 29 30 31 32 33 34 35 36 37 38 ;
  INPUT ---        28 29 30 31 32 33 34 35 36 37 38 ;
  INPUT ---        29 30 31 32 33 34 35 36 37 38 ;
  INPUT ---        30 31 32 33 34 35 36 37 38 ;
  INPUT ---        31 32 33 34 35 36 37 38 ;
  INPUT ---        32 33 34 35 36 37 38 ;
  INPUT ---        33 34 35 36 37 38 ;
  INPUT ---        34 35 36 37 38 ;
  INPUT ---        35 36 37 38 ;
  INPUT ---        36 37 38 ;
  INPUT ---        37 38 ;
  INPUT ---        38 ;

  INPUT ---    design matrix constraints=38 covariates=38;
  INPUT ---        1 2 0 0 0 0 0 0 0 0 0 0 0 0 0 0 0 0 0 0 0 0 0 0 0 0 0 0 0 
  INPUT ---       0 0 0 0 0 0 0 0 0;
  INPUT ---        1 1 0 0 0 0 0 0 0 0 0 0 0 0 0 0 0 0 0 0 0 0 0 0 0 0 0 0 0 
  INPUT ---       0 0 0 0 0 0 0 0 0;
  INPUT ---        0 0 1 0 0 0 0 0 0 0 0 0 0 0 0 0 0 0 0 0 0 0 0 0 0 0 0 0 0 
  INPUT ---       0 0 0 0 0 0 0 0 0;
  INPUT ---        0 0 1 1 0 0 0 0 0 0 0 0 0 0 0 0 0 0 0 0 0 0 0 0 0 0 0 0 0 
  INPUT ---       0 0 0 0 0 0 0 0 0;
  INPUT ---        0 0 1 0 1 0 0 0 0 0 0 0 0 0 0 0 0 0 0 0 0 0 0 0 0 0 0 0 0 
  INPUT ---       0 0 0 0 0 0 0 0 0;
  INPUT ---        0 0 1 0 0 1 0 0 0 0 0 0 0 0 0 0 0 0 0 0 0 0 0 0 0 0 0 0 0 
  INPUT ---       0 0 0 0 0 0 0 0 0;
  INPUT ---        0 0 1 0 0 0 1 0 0 0 0 0 0 0 0 0 0 0 0 0 0 0 0 0 0 0 0 0 0 
  INPUT ---       0 0 0 0 0 0 0 0 0;
  INPUT ---        0 0 1 0 0 0 0 1 0 0 0 0 0 0 0 0 0 0 0 0 0 0 0 0 0 0 0 0 0 
  INPUT ---       0 0 0 0 0 0 0 0 0;
  INPUT ---        0 0 1 0 0 0 0 0 1 0 0 0 0 0 0 0 0 0 0 0 0 0 0 0 0 0 0 0 0 
  INPUT ---       0 0 0 0 0 0 0 0 0;
  INPUT ---        0 0 1 0 0 0 0 0 0 1 0 0 0 0 0 0 0 0 0 0 0 0 0 0 0 0 0 0 0 
  INPUT ---       0 0 0 0 0 0 0 0 0;
  INPUT ---        0 0 1 0 0 0 0 0 0 0 1 0 0 0 0 0 0 0 0 0 0 0 0 0 0 0 0 0 0 
  INPUT ---       0 0 0 0 0 0 0 0 0;
  INPUT ---        0 0 1 0 0 0 0 0 0 0 0 1 0 0 0 0 0 0 0 0 0 0 0 0 0 0 0 0 0 
  INPUT ---       0 0 0 0 0 0 0 0 0;
  INPUT ---        0 0 1 0 0 0 0 0 0 0 0 0 1 0 0 0 0 0 0 0 0 0 0 0 0 0 0 0 0 
  INPUT ---       0 0 0 0 0 0 0 0 0;
  INPUT ---        0 0 1 0 0 0 0 0 0 0 0 0 0 1 0 0 0 0 0 0 0 0 0 0 0 0 0 0 0 
  INPUT ---       0 0 0 0 0 0 0 0 0;
  INPUT ---        0 0 1 0 0 0 0 0 0 0 0 0 0 0 1 0 0 0 0 0 0 0 0 0 0 0 0 0 0 
  INPUT ---       0 0 0 0 0 0 0 0 0;

  Program  MARK  - Survival Rate Estimation with Capture-Recapture Data
   gfortran(dble) Vers. 9.0 Mar 2018    17-Sep-2019 14:40:34    Page  005
 - - - - - - - - - - - - - - - - - - - - - - - - - - - - - - - - - - - - - -
 
  INPUT ---        0 0 1 0 0 0 0 0 0 0 0 0 0 0 0 1 0 0 0 0 0 0 0 0 0 0 0 0 0 
  INPUT ---       0 0 0 0 0 0 0 0 0;
  INPUT ---        0 0 1 0 0 0 0 0 0 0 0 0 0 0 0 0 1 0 0 0 0 0 0 0 0 0 0 0 0 
  INPUT ---       0 0 0 0 0 0 0 0 0;
  INPUT ---        0 0 1 0 0 0 0 0 0 0 0 0 0 0 0 0 0 1 0 0 0 0 0 0 0 0 0 0 0 
  INPUT ---       0 0 0 0 0 0 0 0 0;
  INPUT ---        0 0 1 0 0 0 0 0 0 0 0 0 0 0 0 0 0 0 1 0 0 0 0 0 0 0 0 0 0 
  INPUT ---       0 0 0 0 0 0 0 0 0;
  INPUT ---        0 0 1 0 0 0 0 0 0 0 0 0 0 0 0 0 0 0 0 1 0 0 0 0 0 0 0 0 0 
  INPUT ---       0 0 0 0 0 0 0 0 0;
  INPUT ---        0 0 1 0 0 0 0 0 0 0 0 0 0 0 0 0 0 0 0 0 1 0 0 0 0 0 0 0 0 
  INPUT ---       0 0 0 0 0 0 0 0 0;
  INPUT ---        0 0 1 0 0 0 0 0 0 0 0 0 0 0 0 0 0 0 0 0 0 1 0 0 0 0 0 0 0 
  INPUT ---       0 0 0 0 0 0 0 0 0;
  INPUT ---        0 0 1 0 0 0 0 0 0 0 0 0 0 0 0 0 0 0 0 0 0 0 1 0 0 0 0 0 0 
  INPUT ---       0 0 0 0 0 0 0 0 0;
  INPUT ---        0 0 1 0 0 0 0 0 0 0 0 0 0 0 0 0 0 0 0 0 0 0 0 1 0 0 0 0 0 
  INPUT ---       0 0 0 0 0 0 0 0 0;
  INPUT ---        0 0 1 0 0 0 0 0 0 0 0 0 0 0 0 0 0 0 0 0 0 0 0 0 1 0 0 0 0 
  INPUT ---       0 0 0 0 0 0 0 0 0;
  INPUT ---        0 0 1 0 0 0 0 0 0 0 0 0 0 0 0 0 0 0 0 0 0 0 0 0 0 1 0 0 0 
  INPUT ---       0 0 0 0 0 0 0 0 0;
  INPUT ---        0 0 1 0 0 0 0 0 0 0 0 0 0 0 0 0 0 0 0 0 0 0 0 0 0 0 1 0 0 
  INPUT ---       0 0 0 0 0 0 0 0 0;
  INPUT ---        0 0 1 0 0 0 0 0 0 0 0 0 0 0 0 0 0 0 0 0 0 0 0 0 0 0 0 1 0 
  INPUT ---       0 0 0 0 0 0 0 0 0;
  INPUT ---        0 0 1 0 0 0 0 0 0 0 0 0 0 0 0 0 0 0 0 0 0 0 0 0 0 0 0 0 1 
  INPUT ---       0 0 0 0 0 0 0 0 0;
  INPUT ---        0 0 1 0 0 0 0 0 0 0 0 0 0 0 0 0 0 0 0 0 0 0 0 0 0 0 0 0 0 
  INPUT ---       1 0 0 0 0 0 0 0 0;
  INPUT ---        0 0 1 0 0 0 0 0 0 0 0 0 0 0 0 0 0 0 0 0 0 0 0 0 0 0 0 0 0 
  INPUT ---       0 1 0 0 0 0 0 0 0;
  INPUT ---        0 0 1 0 0 0 0 0 0 0 0 0 0 0 0 0 0 0 0 0 0 0 0 0 0 0 0 0 0 
  INPUT ---       0 0 1 0 0 0 0 0 0;
  INPUT ---        0 0 1 0 0 0 0 0 0 0 0 0 0 0 0 0 0 0 0 0 0 0 0 0 0 0 0 0 0 
  INPUT ---       0 0 0 1 0 0 0 0 0;
  INPUT ---        0 0 1 0 0 0 0 0 0 0 0 0 0 0 0 0 0 0 0 0 0 0 0 0 0 0 0 0 0 
  INPUT ---       0 0 0 0 1 0 0 0 0;
  INPUT ---        0 0 1 0 0 0 0 0 0 0 0 0 0 0 0 0 0 0 0 0 0 0 0 0 0 0 0 0 0 
  INPUT ---       0 0 0 0 0 1 0 0 0;
  INPUT ---        0 0 1 0 0 0 0 0 0 0 0 0 0 0 0 0 0 0 0 0 0 0 0 0 0 0 0 0 0 
  INPUT ---       0 0 0 0 0 0 1 0 0;
  INPUT ---        0 0 1 0 0 0 0 0 0 0 0 0 0 0 0 0 0 0 0 0 0 0 0 0 0 0 0 0 0 
  INPUT ---       0 0 0 0 0 0 0 1 0;
  INPUT ---        0 0 1 0 0 0 0 0 0 0 0 0 0 0 0 0 0 0 0 0 0 0 0 0 0 0 0 0 0 
  INPUT ---       0 0 0 0 0 0 0 0 1;

  Program  MARK  - Survival Rate Estimation with Capture-Recapture Data
   gfortran(dble) Vers. 9.0 Mar 2018    17-Sep-2019 14:40:34    Page  006
 - - - - - - - - - - - - - - - - - - - - - - - - - - - - - - - - - - - - - -
 
  INPUT ---       blabel(1)=Phi:(Intercept);
  INPUT ---       blabel(2)=Phi:tsm;
  INPUT ---       blabel(3)=p:(Intercept);
  INPUT ---       blabel(4)=p:time2002;
  INPUT ---       blabel(5)=p:time2002.4;
  INPUT ---       blabel(6)=p:time2003;
  INPUT ---       blabel(7)=p:time2003.4;
  INPUT ---       blabel(8)=p:time2004;
  INPUT ---       blabel(9)=p:time2004.4;
  INPUT ---       blabel(10)=p:time2005;
  INPUT ---       blabel(11)=p:time2005.4;
  INPUT ---       blabel(12)=p:time2006;
  INPUT ---       blabel(13)=p:time2006.4;
  INPUT ---       blabel(14)=p:time2007;
  INPUT ---       blabel(15)=p:time2007.4;
  INPUT ---       blabel(16)=p:time2008;
  INPUT ---       blabel(17)=p:time2008.4;
  INPUT ---       blabel(18)=p:time2009;
  INPUT ---       blabel(19)=p:time2009.4;
  INPUT ---       blabel(20)=p:time2010;
  INPUT ---       blabel(21)=p:time2010.4;
  INPUT ---       blabel(22)=p:time2011;
  INPUT ---       blabel(23)=p:time2011.4;
  INPUT ---       blabel(24)=p:time2012;
  INPUT ---       blabel(25)=p:time2012.4;
  INPUT ---       blabel(26)=p:time2013;
  INPUT ---       blabel(27)=p:time2013.4;
  INPUT ---       blabel(28)=p:time2014;
  INPUT ---       blabel(29)=p:time2014.4;
  INPUT ---       blabel(30)=p:time2015;
  INPUT ---       blabel(31)=p:time2015.4;
  INPUT ---       blabel(32)=p:time2016;
  INPUT ---       blabel(33)=p:time2016.4;
  INPUT ---       blabel(34)=p:time2017;
  INPUT ---       blabel(35)=p:time2017.4;
  INPUT ---       blabel(36)=p:time2018;
  INPUT ---       blabel(37)=p:time2018.4;
  INPUT ---       blabel(38)=p:time2019;
  INPUT ---       rlabel(1)=Phi g1 c2001 a0 t2001;
  INPUT ---       rlabel(2)=Phi g1 c2001 a0.4 t2001.4;
  INPUT ---       rlabel(3)=p g1 c2001 a0.4 t2001.4;
  INPUT ---       rlabel(4)=p g1 c2001 a1 t2002;
  INPUT ---       rlabel(5)=p g1 c2001 a1.4 t2002.4;
  INPUT ---       rlabel(6)=p g1 c2001 a2 t2003;
  INPUT ---       rlabel(7)=p g1 c2001 a2.4 t2003.4;
  INPUT ---       rlabel(8)=p g1 c2001 a3 t2004;

  Program  MARK  - Survival Rate Estimation with Capture-Recapture Data
   gfortran(dble) Vers. 9.0 Mar 2018    17-Sep-2019 14:40:34    Page  007
 - - - - - - - - - - - - - - - - - - - - - - - - - - - - - - - - - - - - - -
 
  INPUT ---       rlabel(9)=p g1 c2001 a3.4 t2004.4;
  INPUT ---       rlabel(10)=p g1 c2001 a4 t2005;
  INPUT ---       rlabel(11)=p g1 c2001 a4.4 t2005.4;
  INPUT ---       rlabel(12)=p g1 c2001 a5 t2006;
  INPUT ---       rlabel(13)=p g1 c2001 a5.4 t2006.4;
  INPUT ---       rlabel(14)=p g1 c2001 a6 t2007;
  INPUT ---       rlabel(15)=p g1 c2001 a6.4 t2007.4;
  INPUT ---       rlabel(16)=p g1 c2001 a7 t2008;
  INPUT ---       rlabel(17)=p g1 c2001 a7.4 t2008.4;
  INPUT ---       rlabel(18)=p g1 c2001 a8 t2009;
  INPUT ---       rlabel(19)=p g1 c2001 a8.4 t2009.4;
  INPUT ---       rlabel(20)=p g1 c2001 a9 t2010;
  INPUT ---       rlabel(21)=p g1 c2001 a9.4 t2010.4;
  INPUT ---       rlabel(22)=p g1 c2001 a10 t2011;
  INPUT ---       rlabel(23)=p g1 c2001 a10.4 t2011.4;
  INPUT ---       rlabel(24)=p g1 c2001 a11 t2012;
  INPUT ---       rlabel(25)=p g1 c2001 a11.4 t2012.4;
  INPUT ---       rlabel(26)=p g1 c2001 a12 t2013;
  INPUT ---       rlabel(27)=p g1 c2001 a12.4 t2013.4;
  INPUT ---       rlabel(28)=p g1 c2001 a13 t2014;
  INPUT ---       rlabel(29)=p g1 c2001 a13.4 t2014.4;
  INPUT ---       rlabel(30)=p g1 c2001 a14 t2015;
  INPUT ---       rlabel(31)=p g1 c2001 a14.4 t2015.4;
  INPUT ---       rlabel(32)=p g1 c2001 a15 t2016;
  INPUT ---       rlabel(33)=p g1 c2001 a15.4 t2016.4;
  INPUT ---       rlabel(34)=p g1 c2001 a16 t2017;
  INPUT ---       rlabel(35)=p g1 c2001 a16.4 t2017.4;
  INPUT ---       rlabel(36)=p g1 c2001 a17 t2018;
  INPUT ---       rlabel(37)=p g1 c2001 a17.4 t2018.4;
  INPUT ---       rlabel(38)=p g1 c2001 a18 t2019;

 Link Function Used is LOGIT        

 Variance Estimation Procedure Used is 2ndPart 
 -2logL(saturated) = 7289.3493     
 Effective Sample Size = 8940

 Number of function evaluations was 63 for 38 parameters.
 Time for numerical optimization was 3.86 seconds.     

  Program  MARK  - Survival Rate Estimation with Capture-Recapture Data
   gfortran(dble) Vers. 9.0 Mar 2018    17-Sep-2019 14:40:35    Page  008
 - - - - - - - - - - - - - - - - - - - - - - - - - - - - - - - - - - - - - -
 
 -2logL { Phi(~tsm)p(~time) } = 8667.0879     
 Penalty { Phi(~tsm)p(~time) } = 0.0000000     
 Gradient { Phi(~tsm)p(~time) }:
  0.3740727E-04  0.3339149E-04  0.4024058E-04   0.000000       0.000000    
   0.000000       0.000000       0.000000     -0.6584549E-04   0.000000    
  0.2073322E-03   0.000000      0.4483861E-04  0.5443008E-04   0.000000    
  0.6607399E-04  0.5923442E-04   0.000000      0.9718171E-04   0.000000    
   0.000000       0.000000       0.000000       0.000000       0.000000    
   0.000000       0.000000       0.000000     -0.3951956E-04   0.000000    
  0.4908638E-04  0.4546148E-04  0.4315819E-04   0.000000     -0.5505675E-04
  0.9559053E-04  0.4492486E-04  0.4493873E-04
 Maximum ABS(G) { Phi(~tsm)p(~time) } = 0.2073322E-03 
 S Vector { Phi(~tsm)p(~time) }:
   1451.153      183.4869      48.15382      43.73673      39.31653    
   38.34583      35.38349      33.68383      32.05245      30.87397    
   29.35917      27.86563      27.45864      26.83882      26.46537    
   21.69484      20.99114      19.42405      18.74214      18.31241    
   17.69335      17.16823      17.04159      16.52031      16.32388    
   15.95468      15.75434      15.09001      14.64945      12.67915    
   11.03661      10.52212      8.167771      7.824764      5.100514    
   4.890597      2.120341     0.1181721    
 Time to compute number of parameters was 3.05 seconds.     
 Ratio Threshold = 50.000000       Max Gap (37/38) = 17.942833       Next Max Gap (1/2) = 7.9087554     
 Gap Method for Num. of Estimated Parameters { Phi(~tsm)p(~time) } = 38          
 Threshold { Phi(~tsm)p(~time) } = 0.4146644E-03                 
 Numerical Threshold Method for Num. of Estimated Parameters { Phi(~tsm)p(~time) } = 38          
 Number of Estimated Parameters { Phi(~tsm)p(~time) } = 38          
 DEVIANCE { Phi(~tsm)p(~time) } = 1377.7386                     
 DEVIANCE Degrees of Freedom { Phi(~tsm)p(~time) } = 290            
 c-hat { Phi(~tsm)p(~time) } = 4.7508229                     
 AIC { Phi(~tsm)p(~time) } = 8743.0879                  
 AICc { Phi(~tsm)p(~time) } = 8743.4209                    
 BIC { Phi(~tsm)p(~time) } = 9012.8230                    
 Pearson Chisquare { Phi(~tsm)p(~time) } = 52325499.                  


                    LOGIT Link Function Parameters of { Phi(~tsm)p(~time) }
                                                              95% Confidence Interval
 Parameter                    Beta         Standard Error      Lower           Upper
 -------------------------  --------------  --------------  --------------  --------------
    1:Phi:(Intercept)        2.2632769       0.3321418       1.6122790       2.9142749    
    2:Phi:tsm               -1.3278647       0.2996677      -1.9152135      -0.7405159    
    3:p:(Intercept)         -2.0334983       0.4854249      -2.9849311      -1.0820654    
    4:p:time2002            -0.3330223       0.5949169      -1.4990595       0.8330148    
    5:p:time2002.4           0.1480387       0.5300791      -0.8909163       1.1869937    
    6:p:time2003            -0.2103668       0.5287644      -1.2467450       0.8260115    
    7:p:time2003.4          -0.9964784       0.5465593      -2.0677346       0.0747778    
    8:p:time2004            -2.1083644       0.6608896      -3.4037080      -0.8130208    
    9:p:time2004.4          -0.8539050       0.5440916      -1.9203245       0.2125145    
   10:p:time2005            -0.5649847       0.5344772      -1.6125600       0.4825905    
   11:p:time2005.4          -0.1775490       0.5201130      -1.1969705       0.8418726    
   12:p:time2006            -0.9387743       0.5444039      -2.0058060       0.1282574    
   13:p:time2006.4          -1.7224525       0.6020136      -2.9023993      -0.5425058    
   14:p:time2007            -1.2427148       0.5741980      -2.3681429      -0.1172867    
   15:p:time2007.4          -2.0965882       0.6619969      -3.3941021      -0.7990743    
   16:p:time2008            -0.8474943       0.5421083      -1.9100266       0.2150380    
   17:p:time2008.4          -1.0608154       0.5408963      -2.1209723      -0.6585752E-03
   18:p:time2009            -0.4687434       0.5196589      -1.4872749       0.5497881    
   19:p:time2009.4          -1.5122222       0.5600089      -2.6098396      -0.4146047    

  Program  MARK  - Survival Rate Estimation with Capture-Recapture Data
   gfortran(dble) Vers. 9.0 Mar 2018    17-Sep-2019 14:40:36    Page  009
 - - - - - - - - - - - - - - - - - - - - - - - - - - - - - - - - - - - - - -
 
   20:p:time2010            -1.0013478       0.5362121      -2.0523236       0.0496280    
   21:p:time2010.4          -1.4113895       0.5432221      -2.4761048      -0.3466741    
   22:p:time2011            -0.6420150       0.5115252      -1.6446045       0.3605744    
   23:p:time2011.4          -2.2226246       0.5711591      -3.3420965      -1.1031528    
   24:p:time2012            -0.7189427       0.5096102      -1.7177787       0.2798932    
   25:p:time2012.4          -1.2941644       0.5162479      -2.3060104      -0.2823184    
   26:p:time2013            -0.8560113       0.5067401      -1.8492219       0.1371992    
   27:p:time2013.4          -2.2215723       0.5493308      -3.2982606      -1.1448840    
   28:p:time2014            -2.1124759       0.5393649      -3.1696311      -1.0553208    
   29:p:time2014.4          -2.0888725       0.5395377      -3.1463665      -1.0313786    
   30:p:time2015            -2.1435255       0.5428853      -3.2075807      -1.0794704    
   31:p:time2015.4          -1.4868616       0.5159974      -2.4982165      -0.4755068    
   32:p:time2016            -1.6851517       0.5213421      -2.7069823      -0.6633211    
   33:p:time2016.4          -1.8284539       0.5221090      -2.8517876      -0.8051202    
   34:p:time2017            -1.7683337       0.5199911      -2.7875163      -0.7491511    
   35:p:time2017.4          -1.2171872       0.5050449      -2.2070752      -0.2272991    
   36:p:time2018            -1.5540399       0.5100685      -2.5537743      -0.5543056    
   37:p:time2018.4          -1.7172252       0.5141445      -2.7249484      -0.7095020    
   38:p:time2019            -1.7163865       0.5153845      -2.7265401      -0.7062329    


                    Real Function Parameters of { Phi(~tsm)p(~time) }
                                                               95% Confidence Interval
  Parameter                  Estimate       Standard Error      Lower           Upper
 --------------------------  --------------  --------------  --------------  --------------
     1:Phi g1 c2001 a0 t200   0.4031271       0.0673252       0.2807251       0.5389119                          
     2:Phi g1 c2001 a0.4 t2   0.7181720       0.0135826       0.6908042       0.7440150                          
     3:p g1 c2001 a0.4 t200   0.1157304       0.0496769       0.0481113       0.2531154                          
     4:p g1 c2001 a1 t2002    0.0857616       0.0283557       0.0441354       0.1600727                          
     5:p g1 c2001 a1.4 t200   0.1317630       0.0270440       0.0871617       0.1943286                          
     6:p g1 c2001 a2 t2003    0.0958800       0.0201049       0.0630656       0.1431596                          
     7:p g1 c2001 a2.4 t200   0.0460899       0.0117882       0.0277737       0.0755466                          
     8:p g1 c2001 a3 t2004    0.0156446       0.0070463       0.0064405       0.0375053                          
     9:p g1 c2001 a3.4 t200   0.0527798       0.0130892       0.0322780       0.0851577                          
    10:p g1 c2001 a4 t2005    0.0692361       0.0155237       0.0443351       0.1065635                          
    11:p g1 c2001 a4.4 t200   0.0987628       0.0184276       0.0680632       0.1412113                          
    12:p g1 c2001 a5 t2006    0.0486943       0.0121648       0.0296849       0.0788872                          
    13:p g1 c2001 a5.4 t200   0.0228442       0.0081877       0.0112634       0.0457805                          
    14:p g1 c2001 a6 t2007    0.0363963       0.0111853       0.0198148       0.0659203                          
    15:p g1 c2001 a6.4 t200   0.0158270       0.0071347       0.0065102       0.0379675                          
    16:p g1 c2001 a7 t2008    0.0531012       0.0129456       0.0327480       0.0849927                          
    17:p g1 c2001 a7.4 t200   0.0433424       0.0105578       0.0267689       0.0694450                          
    18:p g1 c2001 a8 t2009    0.0757012       0.0144909       0.0517518       0.1094544                          
    19:p g1 c2001 a8.4 t200   0.0280390       0.0079850       0.0159849       0.0487328                          
    20:p g1 c2001 a9 t2010    0.0458762       0.0107304       0.0288792       0.0721339                          
    21:p g1 c2001 a9.4 t201   0.0309217       0.0077932       0.0188053       0.0504433                          

  Program  MARK  - Survival Rate Estimation with Capture-Recapture Data
   gfortran(dble) Vers. 9.0 Mar 2018    17-Sep-2019 14:40:36    Page  010
 - - - - - - - - - - - - - - - - - - - - - - - - - - - - - - - - - - - - - -
 
    22:p g1 c2001 a10 t2011   0.0644338       0.0113425       0.0454642       0.0905674                          
    23:p g1 c2001 a10.4 t20   0.0139790       0.0043398       0.0075905       0.0256056                          
    24:p g1 c2001 a11 t2012   0.0599489       0.0102489       0.0427420       0.0834790                          
    25:p g1 c2001 a11.4 t20   0.0346343       0.0066363       0.0237371       0.0502765                          
    26:p g1 c2001 a12 t2013   0.0526746       0.0086724       0.0380469       0.0725023                          
    27:p g1 c2001 a12.4 t20   0.0139935       0.0037671       0.0082423       0.0236619                          
    28:p g1 c2001 a13 t2014   0.0155814       0.0038891       0.0095375       0.0253571                          
    29:p g1 c2001 a13.4 t20   0.0159476       0.0039763       0.0097664       0.0259383                          
    30:p g1 c2001 a14 t2015   0.0151122       0.0038821       0.0091189       0.0249454                          
    31:p g1 c2001 a14.4 t20   0.0287384       0.0055371       0.0196628       0.0418245                          
    32:p g1 c2001 a15 t2016   0.0236918       0.0049128       0.0157515       0.0354904                          
    33:p g1 c2001 a15.4 t20   0.0205939       0.0043025       0.0136531       0.0309525                          
    34:p g1 c2001 a16 t2017   0.0218421       0.0044657       0.0146074       0.0325416                          
    35:p g1 c2001 a16.4 t20   0.0373023       0.0060270       0.0271293       0.0510896                          
    36:p g1 c2001 a17 t2018   0.0269215       0.0048066       0.0189437       0.0381286                          
    37:p g1 c2001 a17.4 t20   0.0229611       0.0043415       0.0158279       0.0332007                          
    38:p g1 c2001 a18 t2019   0.0229800       0.0044269       0.0157298       0.0334582                          

   CPU Time for the last procedure was 6.94 seconds.     

  Program  MARK  - Survival Rate Estimation with Capture-Recapture Data
   gfortran(dble) Vers. 9.0 Mar 2018    17-Sep-2019 14:40:36    Page  011
 - - - - - - - - - - - - - - - - - - - - - - - - - - - - - - - - - - - - - -
 


  INPUT --- proc stop;

     CPU Time in minutes for this job was 0.12

     Time Start = 14:40:34.616   Time End = 14:40:36.030

     Wall Clock Time in minutes for this job was 0.02


          E X E C U T I O N   S U C C E S S F U L 
